Threshold levels exceeded. Skipping data: {
  temperature: -3.888888888888889,
  humidity: 84,
  gasLeakage: 'No',
  motionDetected: false
}
Threshold levels exceeded. Skipping data: {
  temperature: -6.666666666666667,
  humidity: 108,
  gasLeakage: 'Yes',
  motionDetected: false
}
Data written to MongoDB: {
  temperature: -5.555555555555555,
  humidity: 60,
  gasLeakage: 'Yes',
  motionDetected: true
}
Data written to MongoDB: {
  temperature: 23.88888888888889,
  humidity: 72,
  gasLeakage: 'No',
  motionDetected: true
}
Data written to MongoDB: {
  temperature: 1.6666666666666667,
  humidity: 72,
  gasLeakage: 'No',
  motionDetected: true
}
Data written to MongoDB: {
  temperature: -7.777777777777778,
  humidity: 66,
  gasLeakage: 'No',
  motionDetected: true
}

